<?xml version="1.0" encoding="UTF-8"?>
<testng-results ignored="0" total="1" passed="1" failed="0" skipped="0">
  <reporter-output>
    <line>
      <![CDATA[DataBase connected succesfully]]>
    </line>
    <line>
      <![CDATA[Logged in successfully]]>
    </line>
    <line>
      <![CDATA[Browser is closed]]>
    </line>
    <line>
      <![CDATA[Database disconnected succesfully]]>
    </line>
  </reporter-output>
  <suite started-at="2023-03-30T11:37:01 IST" name="Default suite" finished-at="2023-03-30T11:37:33 IST" duration-ms="31703">
    <groups>
    </groups>
    <test started-at="2023-03-30T11:37:01 IST" name="Default test" finished-at="2023-03-30T11:37:33 IST" duration-ms="31703">
      <class name="com.Actitime.TestScript.TaskTest">
        <test-method is-config="true" signature="DatabaseConnection()[pri:0, instance:com.Actitime.TestScript.TaskTest@7fee8714]" started-at="2023-03-30T11:37:01 IST" name="DatabaseConnection" finished-at="2023-03-30T11:37:01 IST" duration-ms="8" status="PASS">
          <reporter-output>
            <line>
              <![CDATA[DataBase connected succesfully]]>
            </line>
          </reporter-output>
        </test-method> <!-- DatabaseConnection -->
        <test-method is-config="true" signature="LaunchBrowser()[pri:0, instance:com.Actitime.TestScript.TaskTest@7fee8714]" started-at="2023-03-30T11:37:01 IST" name="LaunchBrowser" finished-at="2023-03-30T11:37:19 IST" duration-ms="17943" status="PASS">
          <reporter-output>
          </reporter-output>
        </test-method> <!-- LaunchBrowser -->
        <test-method is-config="true" signature="Login()[pri:0, instance:com.Actitime.TestScript.TaskTest@7fee8714]" started-at="2023-03-30T11:37:19 IST" name="Login" finished-at="2023-03-30T11:37:20 IST" duration-ms="417" status="PASS">
          <reporter-output>
            <line>
              <![CDATA[Logged in successfully]]>
            </line>
          </reporter-output>
        </test-method> <!-- Login -->
        <test-method signature="CreateCustomer()[pri:0, instance:com.Actitime.TestScript.TaskTest@7fee8714]" started-at="2023-03-30T11:37:20 IST" name="CreateCustomer" finished-at="2023-03-30T11:37:30 IST" duration-ms="10358" status="PASS">
          <reporter-output>
          </reporter-output>
        </test-method> <!-- CreateCustomer -->
        <test-method is-config="true" signature="LogOut()[pri:0, instance:com.Actitime.TestScript.TaskTest@7fee8714]" started-at="2023-03-30T11:37:30 IST" name="LogOut" finished-at="2023-03-30T11:37:33 IST" duration-ms="2756" status="PASS">
          <reporter-output>
          </reporter-output>
        </test-method> <!-- LogOut -->
        <test-method is-config="true" signature="CloseBrowser()[pri:0, instance:com.Actitime.TestScript.TaskTest@7fee8714]" started-at="2023-03-30T11:37:33 IST" name="CloseBrowser" finished-at="2023-03-30T11:37:33 IST" duration-ms="203" status="PASS">
          <reporter-output>
            <line>
              <![CDATA[Browser is closed]]>
            </line>
          </reporter-output>
        </test-method> <!-- CloseBrowser -->
        <test-method is-config="true" signature="DatabaseDisconnection()[pri:0, instance:com.Actitime.TestScript.TaskTest@7fee8714]" started-at="2023-03-30T11:37:33 IST" name="DatabaseDisconnection" finished-at="2023-03-30T11:37:33 IST" duration-ms="0" status="PASS">
          <reporter-output>
            <line>
              <![CDATA[Database disconnected succesfully]]>
            </line>
          </reporter-output>
        </test-method> <!-- DatabaseDisconnection -->
      </class> <!-- com.Actitime.TestScript.TaskTest -->
    </test> <!-- Default test -->
  </suite> <!-- Default suite -->
</testng-results>
